Determining if the pthread_create exist failed with the following output:
Change Dir: /home/robotics/catkin_ws/build/CMakeFiles/CMakeTmp

Run Build Command:/usr/bin/make "cmTryCompileExec562955669/fast"
/usr/bin/make -f CMakeFiles/cmTryCompileExec562955669.dir/build.make CMakeFiles/cmTryCompileExec562955669.dir/build
make[1]: Entering directory `/home/robotics/catkin_ws/build/CMakeFiles/CMakeTmp'
/usr/bin/cmake -E cmake_progress_report /home/robotics/catkin_ws/build/CMakeFiles/CMakeTmp/CMakeFiles 1
Building C object CMakeFiles/cmTryCompileExec562955669.dir/CheckSymbolExists.c.o
/usr/bin/cc    -o CMakeFiles/cmTryCompileExec562955669.dir/CheckSymbolExists.c.o   -c /home/robotics/catkin_ws/build/CMakeFiles/CMakeTmp/CheckSymbolExists.c
Linking C executable cmTryCompileExec562955669
/usr/bin/cmake -E cmake_link_script CMakeFiles/cmTryCompileExec562955669.dir/link.txt --verbose=1
/usr/bin/cc       CMakeFiles/cmTryCompileExec562955669.dir/CheckSymbolExists.c.o  -o cmTryCompileExec562955669 -rdynamic 
CMakeFiles/cmTryCompileExec562955669.dir/CheckSymbolExists.c.o: In function `main':
CheckSymbolExists.c:(.text+0x16): undefined reference to `pthread_create'
collect2: error: ld returned 1 exit status
make[1]: Leaving directory `/home/robotics/catkin_ws/build/CMakeFiles/CMakeTmp'
make[1]: *** [cmTryCompileExec562955669] Error 1
make: *** [cmTryCompileExec562955669/fast] Error 2

File /home/robotics/catkin_ws/build/CMakeFiles/CMakeTmp/CheckSymbolExists.c:
/* */
#include <pthread.h>

int main(int argc, char** argv)
{
  (void)argv;
#ifndef pthread_create
  return ((int*)(&pthread_create))[argc];
#else
  (void)argc;
  return 0;
#endif
}

Determining if the function pthread_create exists in the pthreads failed with the following output:
Change Dir: /home/robotics/catkin_ws/build/CMakeFiles/CMakeTmp

Run Build Command:/usr/bin/make "cmTryCompileExec2465323077/fast"
/usr/bin/make -f CMakeFiles/cmTryCompileExec2465323077.dir/build.make CMakeFiles/cmTryCompileExec2465323077.dir/build
make[1]: Entering directory `/home/robotics/catkin_ws/build/CMakeFiles/CMakeTmp'
/usr/bin/cmake -E cmake_progress_report /home/robotics/catkin_ws/build/CMakeFiles/CMakeTmp/CMakeFiles 1
Building C object CMakeFiles/cmTryCompileExec2465323077.dir/CheckFunctionExists.c.o
/usr/bin/cc   -DCHECK_FUNCTION_EXISTS=pthread_create   -o CMakeFiles/cmTryCompileExec2465323077.dir/CheckFunctionExists.c.o   -c /usr/share/cmake-2.8/Modules/CheckFunctionExists.c
Linking C executable cmTryCompileExec2465323077
/usr/bin/cmake -E cmake_link_script CMakeFiles/cmTryCompileExec2465323077.dir/link.txt --verbose=1
/usr/bin/cc   -DCHECK_FUNCTION_EXISTS=pthread_create    CMakeFiles/cmTryCompileExec2465323077.dir/CheckFunctionExists.c.o  -o cmTryCompileExec2465323077 -rdynamic -lpthreads 
/usr/bin/ld: cannot find -lpthreads
collect2: error: ld returned 1 exit status
make[1]: Leaving directory `/home/robotics/catkin_ws/build/CMakeFiles/CMakeTmp'
make[1]: *** [cmTryCompileExec2465323077] Error 1
make: *** [cmTryCompileExec2465323077/fast] Error 2


