Determining if the pthread_create exist failed with the following output:
Change Dir: /home/robotics/royalpotato/skmore/jackal_navigation/build/CMakeFiles/CMakeTmp

Run Build Command:/usr/bin/make "cmTryCompileExec516496219/fast"
/usr/bin/make -f CMakeFiles/cmTryCompileExec516496219.dir/build.make CMakeFiles/cmTryCompileExec516496219.dir/build
make[1]: Entering directory `/home/robotics/royalpotato/skmore/jackal_navigation/build/CMakeFiles/CMakeTmp'
/usr/bin/cmake -E cmake_progress_report /home/robotics/royalpotato/skmore/jackal_navigation/build/CMakeFiles/CMakeTmp/CMakeFiles 1
Building C object CMakeFiles/cmTryCompileExec516496219.dir/CheckSymbolExists.c.o
/usr/bin/cc    -o CMakeFiles/cmTryCompileExec516496219.dir/CheckSymbolExists.c.o   -c /home/robotics/royalpotato/skmore/jackal_navigation/build/CMakeFiles/CMakeTmp/CheckSymbolExists.c
Linking C executable cmTryCompileExec516496219
/usr/bin/cmake -E cmake_link_script CMakeFiles/cmTryCompileExec516496219.dir/link.txt --verbose=1
/usr/bin/cc       CMakeFiles/cmTryCompileExec516496219.dir/CheckSymbolExists.c.o  -o cmTryCompileExec516496219 -rdynamic 
CMakeFiles/cmTryCompileExec516496219.dir/CheckSymbolExists.c.o: In function `main':
CheckSymbolExists.c:(.text+0x16): undefined reference to `pthread_create'
collect2: error: ld returned 1 exit status
make[1]: Leaving directory `/home/robotics/royalpotato/skmore/jackal_navigation/build/CMakeFiles/CMakeTmp'
make[1]: *** [cmTryCompileExec516496219] Error 1
make: *** [cmTryCompileExec516496219/fast] Error 2

File /home/robotics/royalpotato/skmore/jackal_navigation/build/CMakeFiles/CMakeTmp/CheckSymbolExists.c:
/* */
#include <pthread.h>

int main(int argc, char** argv)
{
  (void)argv;
#ifndef pthread_create
  return ((int*)(&pthread_create))[argc];
#else
  (void)argc;
  return 0;
#endif
}

Determining if the function pthread_create exists in the pthreads failed with the following output:
Change Dir: /home/robotics/royalpotato/skmore/jackal_navigation/build/CMakeFiles/CMakeTmp

Run Build Command:/usr/bin/make "cmTryCompileExec2775584454/fast"
/usr/bin/make -f CMakeFiles/cmTryCompileExec2775584454.dir/build.make CMakeFiles/cmTryCompileExec2775584454.dir/build
make[1]: Entering directory `/home/robotics/royalpotato/skmore/jackal_navigation/build/CMakeFiles/CMakeTmp'
/usr/bin/cmake -E cmake_progress_report /home/robotics/royalpotato/skmore/jackal_navigation/build/CMakeFiles/CMakeTmp/CMakeFiles 1
Building C object CMakeFiles/cmTryCompileExec2775584454.dir/CheckFunctionExists.c.o
/usr/bin/cc   -DCHECK_FUNCTION_EXISTS=pthread_create   -o CMakeFiles/cmTryCompileExec2775584454.dir/CheckFunctionExists.c.o   -c /usr/share/cmake-2.8/Modules/CheckFunctionExists.c
Linking C executable cmTryCompileExec2775584454
/usr/bin/cmake -E cmake_link_script CMakeFiles/cmTryCompileExec2775584454.dir/link.txt --verbose=1
/usr/bin/cc   -DCHECK_FUNCTION_EXISTS=pthread_create    CMakeFiles/cmTryCompileExec2775584454.dir/CheckFunctionExists.c.o  -o cmTryCompileExec2775584454 -rdynamic -lpthreads 
/usr/bin/ld: cannot find -lpthreads
collect2: error: ld returned 1 exit status
make[1]: Leaving directory `/home/robotics/royalpotato/skmore/jackal_navigation/build/CMakeFiles/CMakeTmp'
make[1]: *** [cmTryCompileExec2775584454] Error 1
make: *** [cmTryCompileExec2775584454/fast] Error 2


