Determining if the pthread_create exist failed with the following output:
Change Dir: /home/skysar/Documents/spring18/EE5531/lab3/royalpotato/jackal_navigation/build/CMakeFiles/CMakeTmp

Run Build Command:/usr/bin/make "cmTryCompileExec3286453912/fast"
/usr/bin/make -f CMakeFiles/cmTryCompileExec3286453912.dir/build.make CMakeFiles/cmTryCompileExec3286453912.dir/build
make[1]: Entering directory `/home/skysar/Documents/spring18/EE5531/lab3/royalpotato/jackal_navigation/build/CMakeFiles/CMakeTmp'
/usr/bin/cmake -E cmake_progress_report /home/skysar/Documents/spring18/EE5531/lab3/royalpotato/jackal_navigation/build/CMakeFiles/CMakeTmp/CMakeFiles 1
Building C object CMakeFiles/cmTryCompileExec3286453912.dir/CheckSymbolExists.c.o
/usr/bin/cc    -o CMakeFiles/cmTryCompileExec3286453912.dir/CheckSymbolExists.c.o   -c /home/skysar/Documents/spring18/EE5531/lab3/royalpotato/jackal_navigation/build/CMakeFiles/CMakeTmp/CheckSymbolExists.c
Linking C executable cmTryCompileExec3286453912
/usr/bin/cmake -E cmake_link_script CMakeFiles/cmTryCompileExec3286453912.dir/link.txt --verbose=1
/usr/bin/cc       CMakeFiles/cmTryCompileExec3286453912.dir/CheckSymbolExists.c.o  -o cmTryCompileExec3286453912 -rdynamic 
CMakeFiles/cmTryCompileExec3286453912.dir/CheckSymbolExists.c.o: In function `main':
CheckSymbolExists.c:(.text+0x16): undefined reference to `pthread_create'
collect2: error: ld returned 1 exit status
make[1]: *** [cmTryCompileExec3286453912] Error 1
make[1]: Leaving directory `/home/skysar/Documents/spring18/EE5531/lab3/royalpotato/jackal_navigation/build/CMakeFiles/CMakeTmp'
make: *** [cmTryCompileExec3286453912/fast] Error 2

File /home/skysar/Documents/spring18/EE5531/lab3/royalpotato/jackal_navigation/build/CMakeFiles/CMakeTmp/CheckSymbolExists.c:
/* */
#include <pthread.h>

int main(int argc, char** argv)
{
  (void)argv;
#ifndef pthread_create
  return ((int*)(&pthread_create))[argc];
#else
  (void)argc;
  return 0;
#endif
}

Determining if the function pthread_create exists in the pthreads failed with the following output:
Change Dir: /home/skysar/Documents/spring18/EE5531/lab3/royalpotato/jackal_navigation/build/CMakeFiles/CMakeTmp

Run Build Command:/usr/bin/make "cmTryCompileExec1818327176/fast"
/usr/bin/make -f CMakeFiles/cmTryCompileExec1818327176.dir/build.make CMakeFiles/cmTryCompileExec1818327176.dir/build
make[1]: Entering directory `/home/skysar/Documents/spring18/EE5531/lab3/royalpotato/jackal_navigation/build/CMakeFiles/CMakeTmp'
/usr/bin/cmake -E cmake_progress_report /home/skysar/Documents/spring18/EE5531/lab3/royalpotato/jackal_navigation/build/CMakeFiles/CMakeTmp/CMakeFiles 1
Building C object CMakeFiles/cmTryCompileExec1818327176.dir/CheckFunctionExists.c.o
/usr/bin/cc   -DCHECK_FUNCTION_EXISTS=pthread_create   -o CMakeFiles/cmTryCompileExec1818327176.dir/CheckFunctionExists.c.o   -c /usr/share/cmake-2.8/Modules/CheckFunctionExists.c
Linking C executable cmTryCompileExec1818327176
/usr/bin/cmake -E cmake_link_script CMakeFiles/cmTryCompileExec1818327176.dir/link.txt --verbose=1
/usr/bin/cc   -DCHECK_FUNCTION_EXISTS=pthread_create    CMakeFiles/cmTryCompileExec1818327176.dir/CheckFunctionExists.c.o  -o cmTryCompileExec1818327176 -rdynamic -lpthreads 
/usr/bin/ld: cannot find -lpthreads
collect2: error: ld returned 1 exit status
make[1]: Leaving directory `/home/skysar/Documents/spring18/EE5531/lab3/royalpotato/jackal_navigation/build/CMakeFiles/CMakeTmp'
make[1]: *** [cmTryCompileExec1818327176] Error 1
make: *** [cmTryCompileExec1818327176/fast] Error 2


